c:\users\29165\desktop\finalprj\plantsvszombiesmini\proj.win32\debug.win32\helloworldscene.obj
c:\users\29165\desktop\finalprj\plantsvszombiesmini\proj.win32\debug.win32\main.obj
c:\users\29165\desktop\finalprj\plantsvszombiesmini\proj.win32\debug.win32\appdelegate.obj
c:\users\29165\desktop\finalprj\plantsvszombiesmini\proj.win32\debug.win32\audiomanager.obj
c:\users\29165\desktop\finalprj\plantsvszombiesmini\proj.win32\debug.win32\gamemanager.obj
c:\users\29165\desktop\finalprj\plantsvszombiesmini\proj.win32\debug.win32\resourceloader.obj
c:\users\29165\desktop\finalprj\plantsvszombiesmini\proj.win32\debug.win32\menuscene.obj
c:\users\29165\desktop\finalprj\plantsvszombiesmini\proj.win32\debug.win32\vc142.pdb
c:\users\29165\desktop\finalprj\plantsvszombiesmini\proj.win32\debug.win32\vc142.idb
c:\users\29165\desktop\finalprj\plantsvszombiesmini\proj.win32\plantsvszombiesmini.cab
c:\users\29165\desktop\finalprj\plantsvszombiesmini\proj.win32\debug.win32\plantsvszombiesmini.exe
c:\users\29165\desktop\finalprj\plantsvszombiesmini\proj.win32\debug.win32\plantsvszombiesmini.ilk
c:\users\29165\desktop\finalprj\plantsvszombiesmini\proj.win32\debug.win32\plantsvszombiesmini.pdb
c:\users\29165\desktop\finalprj\plantsvszombiesmini\proj.win32\debug.win32\plantsvszombiesmini.lib
c:\users\29165\desktop\finalprj\plantsvszombiesmini\proj.win32\debug.win32\plantsvszombiesmini.exp
c:\users\29165\desktop\finalprj\plantsvszombiesmini\proj.win32\debug.win32\game.res
c:\users\29165\desktop\finalprj\plantsvszombiesmini\proj.win32\debug.win32\libcocos2d.exp
c:\users\29165\desktop\finalprj\plantsvszombiesmini\proj.win32\debug.win32\libspine.idb
c:\users\29165\desktop\finalprj\plantsvszombiesmini\proj.win32\debug.win32\libcocos2d.pdb
c:\users\29165\desktop\finalprj\plantsvszombiesmini\proj.win32\debug.win32\librecast.pdb
c:\users\29165\desktop\finalprj\plantsvszombiesmini\proj.win32\debug.win32\libspine.pdb
c:\users\29165\desktop\finalprj\plantsvszombiesmini\proj.win32\debug.win32\plantsvs.76a39bb2.tlog\cl.command.1.tlog
c:\users\29165\desktop\finalprj\plantsvszombiesmini\proj.win32\debug.win32\plantsvs.76a39bb2.tlog\cl.read.1.tlog
c:\users\29165\desktop\finalprj\plantsvszombiesmini\proj.win32\debug.win32\plantsvs.76a39bb2.tlog\cl.write.1.tlog
c:\users\29165\desktop\finalprj\plantsvszombiesmini\proj.win32\debug.win32\plantsvs.76a39bb2.tlog\custombuildstep.read.1u.tlog
c:\users\29165\desktop\finalprj\plantsvszombiesmini\proj.win32\debug.win32\plantsvs.76a39bb2.tlog\custombuildstep.write.1u.tlog
c:\users\29165\desktop\finalprj\plantsvszombiesmini\proj.win32\debug.win32\plantsvs.76a39bb2.tlog\link.command.1.tlog
c:\users\29165\desktop\finalprj\plantsvszombiesmini\proj.win32\debug.win32\plantsvs.76a39bb2.tlog\link.read.1.tlog
c:\users\29165\desktop\finalprj\plantsvszombiesmini\proj.win32\debug.win32\plantsvs.76a39bb2.tlog\link.write.1.tlog
c:\users\29165\desktop\finalprj\plantsvszombiesmini\proj.win32\debug.win32\plantsvs.76a39bb2.tlog\plantsvszombiesmini.write.1u.tlog
c:\users\29165\desktop\finalprj\plantsvszombiesmini\proj.win32\debug.win32\plantsvs.76a39bb2.tlog\rc.command.1.tlog
c:\users\29165\desktop\finalprj\plantsvszombiesmini\proj.win32\debug.win32\plantsvs.76a39bb2.tlog\rc.read.1.tlog
c:\users\29165\desktop\finalprj\plantsvszombiesmini\proj.win32\debug.win32\plantsvs.76a39bb2.tlog\rc.write.1.tlog
